{
  "RSpec": {
    "coverage": {
      "/Users/connorworthington/Development/week_5/bnb/makersbnb/spec/unit/space_manager_spec.rb": {
        "lines": [
          1,
          1,
          null,
          1,
          null,
          1,
          1,
          1,
          1,
          1,
          1,
          1,
          null,
          null,
          null,
          null
        ]
      },
      "/Users/connorworthington/Development/week_5/bnb/makersbnb/lib/space_manager.rb": {
        "lines": [
          1,
          null,
          1,
          null,
          1,
          1,
          1,
          3,
          null,
          null,
          1,
          2,
          2,
          null,
          null,
          null
        ]
      },
      "/Users/connorworthington/Development/week_5/bnb/makersbnb/lib/space.rb": {
        "lines": [
          1,
          null,
          1,
          null,
          1,
          2,
          2,
          2,
          null,
          null,
          null
        ]
      }
    },
    "timestamp": 1601311632
  }
}
